<?xml version="1.0" encoding="UTF-8"?>
<testsuite name="edu.coursera.parallel.SetupTest" time="0.024" tests="2" errors="0" skipped="0" failures="1">
  <properties>
[...]
</properties>
  <testcase name="testSetup" classname="edu.coursera.parallel.SetupTest" time="0.023"/>
  <testcase name="testSetup2" classname="edu.coursera.parallel.SetupTest" time="0.001">
    <failure message="expected:&lt;42&gt; but was:&lt;12&gt;" type="junit.framework.AssertionFailedError"><![CDATA[junit.framework.AssertionFailedError: expected:<42> but was:<12>
	at junit.framework.Assert.fail(Assert.java:47)
	at junit.framework.Assert.failNotEquals(Assert.java:280)
	at junit.framework.Assert.assertEquals(Assert.java:64)
	at junit.framework.Assert.assertEquals(Assert.java:198)
	at junit.framework.Assert.assertEquals(Assert.java:204)
	at edu.coursera.parallel.SetupTest.testSetup2(SetupTest.java:19)
]]></failure>
  </testcase>
</testsuite>